2026-01-28 16:22:59,813 - __main__ - INFO - Seller server started on 0.0.0.0:5002
2026-01-28 16:23:00,273 - __main__ - INFO - New connection from ('127.0.0.1', 57228)
2026-01-28 16:23:00,274 - __main__ - INFO - Connection closed for ('127.0.0.1', 57228)
2026-01-28 16:23:03,674 - __main__ - INFO - New connection from ('127.0.0.1', 57236)
2026-01-28 16:23:03,674 - __main__ - INFO - Connection closed for ('127.0.0.1', 57236)
2026-01-28 16:23:03,675 - __main__ - INFO - New connection from ('127.0.0.1', 57238)
2026-01-28 16:23:03,675 - __main__ - INFO - Connection closed for ('127.0.0.1', 57238)
2026-01-28 16:23:03,676 - __main__ - INFO - New connection from ('127.0.0.1', 57241)
2026-01-28 16:23:03,687 - __main__ - INFO - Connection closed for ('127.0.0.1', 57241)
2026-01-28 16:23:03,688 - __main__ - INFO - New connection from ('127.0.0.1', 57258)
2026-01-28 16:23:03,691 - __main__ - INFO - Connection closed for ('127.0.0.1', 57258)
2026-01-28 16:23:03,703 - __main__ - INFO - New connection from ('127.0.0.1', 57294)
2026-01-28 16:23:03,704 - __main__ - INFO - Connection closed for ('127.0.0.1', 57294)
2026-01-28 16:23:03,718 - __main__ - INFO - New connection from ('127.0.0.1', 57379)
2026-01-28 16:23:03,720 - __main__ - INFO - Connection closed for ('127.0.0.1', 57379)
2026-01-28 16:23:03,724 - __main__ - INFO - New connection from ('127.0.0.1', 57398)
2026-01-28 16:23:03,727 - __main__ - INFO - Connection closed for ('127.0.0.1', 57398)
2026-01-28 16:23:03,735 - __main__ - INFO - New connection from ('127.0.0.1', 57433)
2026-01-28 16:23:03,737 - __main__ - INFO - Connection closed for ('127.0.0.1', 57433)
2026-01-28 16:23:03,739 - __main__ - INFO - New connection from ('127.0.0.1', 57445)
2026-01-28 16:23:03,741 - __main__ - INFO - Connection closed for ('127.0.0.1', 57445)
2026-01-28 16:23:11,543 - __main__ - INFO - New connection from ('127.0.0.1', 57461)
2026-01-28 16:23:11,543 - __main__ - INFO - Connection closed for ('127.0.0.1', 57461)
2026-01-28 16:33:45,380 - __main__ - INFO - New connection from ('127.0.0.1', 57651)
2026-01-28 16:33:46,277 - __main__ - INFO - Connection closed for ('127.0.0.1', 57651)
2026-01-28 16:33:46,278 - __main__ - INFO - New connection from ('127.0.0.1', 62560)
2026-01-28 16:33:47,165 - __main__ - INFO - Connection closed for ('127.0.0.1', 62560)
2026-01-28 16:33:47,193 - __main__ - INFO - New connection from ('127.0.0.1', 51091)
2026-01-28 16:33:48,108 - __main__ - INFO - Connection closed for ('127.0.0.1', 51091)
2026-01-28 16:33:48,238 - __main__ - INFO - New connection from ('127.0.0.1', 56004)
2026-01-28 16:33:48,577 - __main__ - ERROR - Database connection error: Failed to connect to database: [Errno 49] Can't assign requested address
2026-01-28 16:33:48,578 - __main__ - ERROR - Database connection error: Failed to connect to database: [Errno 49] Can't assign requested address
2026-01-28 16:33:48,579 - __main__ - ERROR - Database connection error: Failed to connect to database: [Errno 49] Can't assign requested address
2026-01-28 16:33:48,579 - __main__ - ERROR - Database connection error: Failed to connect to database: [Errno 49] Can't assign requested address
2026-01-28 16:33:48,580 - __main__ - ERROR - Database connection error: Failed to connect to database: [Errno 49] Can't assign requested address
2026-01-28 16:33:48,581 - __main__ - ERROR - Database connection error: Failed to connect to database: [Errno 49] Can't assign requested address
2026-01-28 16:33:48,581 - __main__ - ERROR - Database connection error: Failed to connect to database: [Errno 49] Can't assign requested address
2026-01-28 16:33:48,582 - __main__ - ERROR - Database connection error: Failed to connect to database: [Errno 49] Can't assign requested address
2026-01-28 16:33:48,583 - __main__ - ERROR - Database connection error: Failed to connect to database: [Errno 49] Can't assign requested address
2026-01-28 16:33:48,584 - __main__ - ERROR - Database connection error: Failed to connect to database: [Errno 49] Can't assign requested address
2026-01-28 16:33:48,585 - __main__ - ERROR - Database connection error: Failed to connect to database: [Errno 49] Can't assign requested address
2026-01-28 16:33:48,585 - __main__ - ERROR - Database connection error: Failed to connect to database: [Errno 49] Can't assign requested address
2026-01-28 16:33:48,586 - __main__ - ERROR - Database connection error: Failed to connect to database: [Errno 49] Can't assign requested address
2026-01-28 16:33:48,587 - __main__ - ERROR - Database connection error: Failed to connect to database: [Errno 49] Can't assign requested address
2026-01-28 16:33:48,588 - __main__ - ERROR - Database connection error: Failed to connect to database: [Errno 49] Can't assign requested address
2026-01-28 16:33:48,589 - __main__ - ERROR - Database connection error: Failed to connect to database: [Errno 49] Can't assign requested address
2026-01-28 16:33:48,590 - __main__ - ERROR - Database connection error: Failed to connect to database: [Errno 49] Can't assign requested address
2026-01-28 16:33:48,591 - __main__ - ERROR - Database connection error: Failed to connect to database: [Errno 49] Can't assign requested address
2026-01-28 16:33:48,591 - __main__ - ERROR - Database connection error: Failed to connect to database: [Errno 49] Can't assign requested address
2026-01-28 16:33:48,592 - __main__ - ERROR - Database connection error: Failed to connect to database: [Errno 49] Can't assign requested address
2026-01-28 16:33:48,593 - __main__ - ERROR - Database connection error: Failed to connect to database: [Errno 49] Can't assign requested address
2026-01-28 16:33:48,593 - __main__ - ERROR - Database connection error: Failed to connect to database: [Errno 49] Can't assign requested address
2026-01-28 16:33:48,594 - __main__ - ERROR - Database connection error: Failed to connect to database: [Errno 49] Can't assign requested address
2026-01-28 16:33:48,595 - __main__ - ERROR - Database connection error: Failed to connect to database: [Errno 49] Can't assign requested address
2026-01-28 16:33:48,596 - __main__ - ERROR - Database connection error: Failed to connect to database: [Errno 49] Can't assign requested address
2026-01-28 16:33:48,596 - __main__ - ERROR - Database connection error: Failed to connect to database: [Errno 49] Can't assign requested address
2026-01-28 16:33:48,597 - __main__ - ERROR - Database connection error: Failed to connect to database: [Errno 49] Can't assign requested address
2026-01-28 16:33:48,598 - __main__ - ERROR - Database connection error: Failed to connect to database: [Errno 49] Can't assign requested address
2026-01-28 16:33:48,599 - __main__ - ERROR - Database connection error: Failed to connect to database: [Errno 49] Can't assign requested address
2026-01-28 16:33:48,599 - __main__ - ERROR - Database connection error: Failed to connect to database: [Errno 49] Can't assign requested address
2026-01-28 16:33:48,600 - __main__ - ERROR - Database connection error: Failed to connect to database: [Errno 49] Can't assign requested address
2026-01-28 16:33:48,601 - __main__ - ERROR - Database connection error: Failed to connect to database: [Errno 49] Can't assign requested address
2026-01-28 16:33:48,602 - __main__ - ERROR - Database connection error: Failed to connect to database: [Errno 49] Can't assign requested address
2026-01-28 16:33:48,602 - __main__ - ERROR - Database connection error: Failed to connect to database: [Errno 49] Can't assign requested address
2026-01-28 16:33:48,603 - __main__ - ERROR - Database connection error: Failed to connect to database: [Errno 49] Can't assign requested address
2026-01-28 16:33:48,604 - __main__ - ERROR - Database connection error: Failed to connect to database: [Errno 49] Can't assign requested address
2026-01-28 16:33:48,605 - __main__ - ERROR - Database connection error: Failed to connect to database: [Errno 49] Can't assign requested address
2026-01-28 16:33:48,605 - __main__ - ERROR - Database connection error: Failed to connect to database: [Errno 49] Can't assign requested address
2026-01-28 16:33:48,606 - __main__ - ERROR - Database connection error: Failed to connect to database: [Errno 49] Can't assign requested address
2026-01-28 16:33:48,607 - __main__ - ERROR - Database connection error: Failed to connect to database: [Errno 49] Can't assign requested address
2026-01-28 16:33:48,608 - __main__ - ERROR - Database connection error: Failed to connect to database: [Errno 49] Can't assign requested address
2026-01-28 16:33:48,608 - __main__ - ERROR - Database connection error: Failed to connect to database: [Errno 49] Can't assign requested address
2026-01-28 16:33:48,609 - __main__ - ERROR - Database connection error: Failed to connect to database: [Errno 49] Can't assign requested address
2026-01-28 16:33:48,610 - __main__ - ERROR - Database connection error: Failed to connect to database: [Errno 49] Can't assign requested address
2026-01-28 16:33:48,610 - __main__ - ERROR - Database connection error: Failed to connect to database: [Errno 49] Can't assign requested address
2026-01-28 16:33:48,611 - __main__ - ERROR - Database connection error: Failed to connect to database: [Errno 49] Can't assign requested address
2026-01-28 16:33:48,612 - __main__ - ERROR - Database connection error: Failed to connect to database: [Errno 49] Can't assign requested address
2026-01-28 16:33:48,613 - __main__ - ERROR - Database connection error: Failed to connect to database: [Errno 49] Can't assign requested address
2026-01-28 16:33:48,613 - __main__ - ERROR - Database connection error: Failed to connect to database: [Errno 49] Can't assign requested address
2026-01-28 16:33:48,614 - __main__ - ERROR - Database connection error: Failed to connect to database: [Errno 49] Can't assign requested address
2026-01-28 16:33:48,615 - __main__ - ERROR - Database connection error: Failed to connect to database: [Errno 49] Can't assign requested address
2026-01-28 16:33:48,616 - __main__ - ERROR - Database connection error: Failed to connect to database: [Errno 49] Can't assign requested address
2026-01-28 16:33:48,616 - __main__ - ERROR - Database connection error: Failed to connect to database: [Errno 49] Can't assign requested address
2026-01-28 16:33:48,617 - __main__ - ERROR - Database connection error: Failed to connect to database: [Errno 49] Can't assign requested address
2026-01-28 16:33:48,618 - __main__ - ERROR - Database connection error: Failed to connect to database: [Errno 49] Can't assign requested address
2026-01-28 16:33:48,618 - __main__ - ERROR - Database connection error: Failed to connect to database: [Errno 49] Can't assign requested address
2026-01-28 16:33:48,619 - __main__ - ERROR - Database connection error: Failed to connect to database: [Errno 49] Can't assign requested address
2026-01-28 16:33:48,620 - __main__ - ERROR - Database connection error: Failed to connect to database: [Errno 49] Can't assign requested address
2026-01-28 16:33:48,621 - __main__ - ERROR - Database connection error: Failed to connect to database: [Errno 49] Can't assign requested address
2026-01-28 16:33:48,621 - __main__ - ERROR - Database connection error: Failed to connect to database: [Errno 49] Can't assign requested address
2026-01-28 16:33:48,622 - __main__ - ERROR - Database connection error: Failed to connect to database: [Errno 49] Can't assign requested address
2026-01-28 16:33:48,623 - __main__ - ERROR - Database connection error: Failed to connect to database: [Errno 49] Can't assign requested address
2026-01-28 16:33:48,624 - __main__ - ERROR - Database connection error: Failed to connect to database: [Errno 49] Can't assign requested address
2026-01-28 16:33:48,625 - __main__ - ERROR - Database connection error: Failed to connect to database: [Errno 49] Can't assign requested address
2026-01-28 16:33:48,625 - __main__ - ERROR - Database connection error: Failed to connect to database: [Errno 49] Can't assign requested address
2026-01-28 16:33:48,626 - __main__ - ERROR - Database connection error: Failed to connect to database: [Errno 49] Can't assign requested address
2026-01-28 16:33:48,627 - __main__ - ERROR - Database connection error: Failed to connect to database: [Errno 49] Can't assign requested address
2026-01-28 16:33:48,628 - __main__ - ERROR - Database connection error: Failed to connect to database: [Errno 49] Can't assign requested address
2026-01-28 16:33:48,629 - __main__ - ERROR - Database connection error: Failed to connect to database: [Errno 49] Can't assign requested address
2026-01-28 16:33:48,630 - __main__ - ERROR - Database connection error: Failed to connect to database: [Errno 49] Can't assign requested address
2026-01-28 16:33:48,630 - __main__ - ERROR - Database connection error: Failed to connect to database: [Errno 49] Can't assign requested address
2026-01-28 16:33:48,631 - __main__ - ERROR - Database connection error: Failed to connect to database: [Errno 49] Can't assign requested address
2026-01-28 16:33:48,632 - __main__ - ERROR - Database connection error: Failed to connect to database: [Errno 49] Can't assign requested address
2026-01-28 16:33:48,633 - __main__ - ERROR - Database connection error: Failed to connect to database: [Errno 49] Can't assign requested address
2026-01-28 16:33:48,634 - __main__ - ERROR - Database connection error: Failed to connect to database: [Errno 49] Can't assign requested address
2026-01-28 16:33:48,634 - __main__ - ERROR - Database connection error: Failed to connect to database: [Errno 49] Can't assign requested address
2026-01-28 16:33:48,635 - __main__ - ERROR - Database connection error: Failed to connect to database: [Errno 49] Can't assign requested address
2026-01-28 16:33:48,636 - __main__ - ERROR - Database connection error: Failed to connect to database: [Errno 49] Can't assign requested address
2026-01-28 16:33:48,636 - __main__ - ERROR - Database connection error: Failed to connect to database: [Errno 49] Can't assign requested address
2026-01-28 16:33:48,637 - __main__ - ERROR - Database connection error: Failed to connect to database: [Errno 49] Can't assign requested address
2026-01-28 16:33:48,638 - __main__ - ERROR - Database connection error: Failed to connect to database: [Errno 49] Can't assign requested address
2026-01-28 16:33:48,639 - __main__ - ERROR - Database connection error: Failed to connect to database: [Errno 49] Can't assign requested address
2026-01-28 16:33:48,639 - __main__ - ERROR - Database connection error: Failed to connect to database: [Errno 49] Can't assign requested address
2026-01-28 16:33:48,640 - __main__ - ERROR - Database connection error: Failed to connect to database: [Errno 49] Can't assign requested address
2026-01-28 16:33:48,641 - __main__ - ERROR - Database connection error: Failed to connect to database: [Errno 49] Can't assign requested address
2026-01-28 16:33:48,642 - __main__ - ERROR - Database connection error: Failed to connect to database: [Errno 49] Can't assign requested address
2026-01-28 16:33:48,642 - __main__ - ERROR - Database connection error: Failed to connect to database: [Errno 49] Can't assign requested address
2026-01-28 16:33:48,643 - __main__ - ERROR - Database connection error: Failed to connect to database: [Errno 49] Can't assign requested address
2026-01-28 16:33:48,644 - __main__ - ERROR - Database connection error: Failed to connect to database: [Errno 49] Can't assign requested address
2026-01-28 16:33:48,644 - __main__ - ERROR - Database connection error: Failed to connect to database: [Errno 49] Can't assign requested address
2026-01-28 16:33:48,645 - __main__ - ERROR - Database connection error: Failed to connect to database: [Errno 49] Can't assign requested address
2026-01-28 16:33:48,646 - __main__ - ERROR - Database connection error: Failed to connect to database: [Errno 49] Can't assign requested address
2026-01-28 16:33:48,647 - __main__ - ERROR - Database connection error: Failed to connect to database: [Errno 49] Can't assign requested address
2026-01-28 16:33:48,647 - __main__ - ERROR - Database connection error: Failed to connect to database: [Errno 49] Can't assign requested address
2026-01-28 16:33:48,648 - __main__ - ERROR - Database connection error: Failed to connect to database: [Errno 49] Can't assign requested address
2026-01-28 16:33:48,649 - __main__ - ERROR - Database connection error: Failed to connect to database: [Errno 49] Can't assign requested address
2026-01-28 16:33:48,649 - __main__ - ERROR - Database connection error: Failed to connect to database: [Errno 49] Can't assign requested address
2026-01-28 16:33:48,650 - __main__ - ERROR - Database connection error: Failed to connect to database: [Errno 49] Can't assign requested address
2026-01-28 16:33:48,651 - __main__ - ERROR - Database connection error: Failed to connect to database: [Errno 49] Can't assign requested address
2026-01-28 16:33:48,652 - __main__ - ERROR - Database connection error: Failed to connect to database: [Errno 49] Can't assign requested address
2026-01-28 16:33:48,652 - __main__ - ERROR - Database connection error: Failed to connect to database: [Errno 49] Can't assign requested address
2026-01-28 16:33:48,653 - __main__ - ERROR - Database connection error: Failed to connect to database: [Errno 49] Can't assign requested address
2026-01-28 16:33:48,654 - __main__ - ERROR - Database connection error: Failed to connect to database: [Errno 49] Can't assign requested address
2026-01-28 16:33:48,655 - __main__ - ERROR - Database connection error: Failed to connect to database: [Errno 49] Can't assign requested address
2026-01-28 16:33:48,655 - __main__ - ERROR - Database connection error: Failed to connect to database: [Errno 49] Can't assign requested address
2026-01-28 16:33:48,656 - __main__ - ERROR - Database connection error: Failed to connect to database: [Errno 49] Can't assign requested address
2026-01-28 16:33:48,657 - __main__ - ERROR - Database connection error: Failed to connect to database: [Errno 49] Can't assign requested address
2026-01-28 16:33:48,658 - __main__ - ERROR - Database connection error: Failed to connect to database: [Errno 49] Can't assign requested address
2026-01-28 16:33:48,658 - __main__ - ERROR - Database connection error: Failed to connect to database: [Errno 49] Can't assign requested address
2026-01-28 16:33:48,659 - __main__ - ERROR - Database connection error: Failed to connect to database: [Errno 49] Can't assign requested address
2026-01-28 16:33:48,660 - __main__ - ERROR - Database connection error: Failed to connect to database: [Errno 49] Can't assign requested address
2026-01-28 16:33:48,661 - __main__ - ERROR - Database connection error: Failed to connect to database: [Errno 49] Can't assign requested address
2026-01-28 16:33:48,661 - __main__ - ERROR - Database connection error: Failed to connect to database: [Errno 49] Can't assign requested address
2026-01-28 16:33:48,662 - __main__ - ERROR - Database connection error: Failed to connect to database: [Errno 49] Can't assign requested address
2026-01-28 16:33:48,663 - __main__ - ERROR - Database connection error: Failed to connect to database: [Errno 49] Can't assign requested address
2026-01-28 16:33:48,664 - __main__ - ERROR - Database connection error: Failed to connect to database: [Errno 49] Can't assign requested address
2026-01-28 16:33:48,664 - __main__ - ERROR - Database connection error: Failed to connect to database: [Errno 49] Can't assign requested address
2026-01-28 16:33:48,665 - __main__ - ERROR - Database connection error: Failed to connect to database: [Errno 49] Can't assign requested address
2026-01-28 16:33:48,666 - __main__ - ERROR - Database connection error: Failed to connect to database: [Errno 49] Can't assign requested address
2026-01-28 16:33:48,666 - __main__ - ERROR - Database connection error: Failed to connect to database: [Errno 49] Can't assign requested address
2026-01-28 16:33:48,667 - __main__ - ERROR - Database connection error: Failed to connect to database: [Errno 49] Can't assign requested address
2026-01-28 16:33:48,668 - __main__ - ERROR - Database connection error: Failed to connect to database: [Errno 49] Can't assign requested address
2026-01-28 16:33:48,669 - __main__ - ERROR - Database connection error: Failed to connect to database: [Errno 49] Can't assign requested address
2026-01-28 16:33:48,670 - __main__ - ERROR - Database connection error: Failed to connect to database: [Errno 49] Can't assign requested address
2026-01-28 16:33:48,671 - __main__ - ERROR - Database connection error: Failed to connect to database: [Errno 49] Can't assign requested address
2026-01-28 16:33:48,672 - __main__ - ERROR - Database connection error: Failed to connect to database: [Errno 49] Can't assign requested address
2026-01-28 16:33:48,672 - __main__ - ERROR - Database connection error: Failed to connect to database: [Errno 49] Can't assign requested address
2026-01-28 16:33:48,673 - __main__ - ERROR - Database connection error: Failed to connect to database: [Errno 49] Can't assign requested address
2026-01-28 16:33:48,674 - __main__ - ERROR - Database connection error: Failed to connect to database: [Errno 49] Can't assign requested address
2026-01-28 16:33:48,675 - __main__ - ERROR - Database connection error: Failed to connect to database: [Errno 49] Can't assign requested address
2026-01-28 16:33:48,676 - __main__ - ERROR - Database connection error: Failed to connect to database: [Errno 49] Can't assign requested address
2026-01-28 16:33:48,676 - __main__ - ERROR - Database connection error: Failed to connect to database: [Errno 49] Can't assign requested address
2026-01-28 16:33:48,677 - __main__ - ERROR - Database connection error: Failed to connect to database: [Errno 49] Can't assign requested address
2026-01-28 16:33:48,678 - __main__ - ERROR - Database connection error: Failed to connect to database: [Errno 49] Can't assign requested address
2026-01-28 16:33:48,679 - __main__ - ERROR - Database connection error: Failed to connect to database: [Errno 49] Can't assign requested address
2026-01-28 16:33:48,679 - __main__ - ERROR - Database connection error: Failed to connect to database: [Errno 49] Can't assign requested address
2026-01-28 16:33:48,680 - __main__ - ERROR - Database connection error: Failed to connect to database: [Errno 49] Can't assign requested address
2026-01-28 16:33:48,681 - __main__ - ERROR - Database connection error: Failed to connect to database: [Errno 49] Can't assign requested address
2026-01-28 16:33:48,682 - __main__ - ERROR - Database connection error: Failed to connect to database: [Errno 49] Can't assign requested address
2026-01-28 16:33:48,682 - __main__ - ERROR - Database connection error: Failed to connect to database: [Errno 49] Can't assign requested address
2026-01-28 16:33:48,683 - __main__ - ERROR - Database connection error: Failed to connect to database: [Errno 49] Can't assign requested address
2026-01-28 16:33:48,684 - __main__ - ERROR - Database connection error: Failed to connect to database: [Errno 49] Can't assign requested address
2026-01-28 16:33:48,685 - __main__ - ERROR - Database connection error: Failed to connect to database: [Errno 49] Can't assign requested address
2026-01-28 16:33:48,685 - __main__ - ERROR - Database connection error: Failed to connect to database: [Errno 49] Can't assign requested address
2026-01-28 16:33:48,686 - __main__ - ERROR - Database connection error: Failed to connect to database: [Errno 49] Can't assign requested address
2026-01-28 16:33:48,687 - __main__ - ERROR - Database connection error: Failed to connect to database: [Errno 49] Can't assign requested address
2026-01-28 16:33:48,688 - __main__ - ERROR - Database connection error: Failed to connect to database: [Errno 49] Can't assign requested address
2026-01-28 16:33:48,688 - __main__ - ERROR - Database connection error: Failed to connect to database: [Errno 49] Can't assign requested address
2026-01-28 16:33:48,689 - __main__ - ERROR - Database connection error: Failed to connect to database: [Errno 49] Can't assign requested address
2026-01-28 16:33:48,690 - __main__ - ERROR - Database connection error: Failed to connect to database: [Errno 49] Can't assign requested address
2026-01-28 16:33:48,690 - __main__ - ERROR - Database connection error: Failed to connect to database: [Errno 49] Can't assign requested address
2026-01-28 16:33:48,691 - __main__ - ERROR - Database connection error: Failed to connect to database: [Errno 49] Can't assign requested address
2026-01-28 16:33:48,692 - __main__ - ERROR - Database connection error: Failed to connect to database: [Errno 49] Can't assign requested address
2026-01-28 16:33:48,693 - __main__ - ERROR - Database connection error: Failed to connect to database: [Errno 49] Can't assign requested address
2026-01-28 16:33:48,693 - __main__ - ERROR - Database connection error: Failed to connect to database: [Errno 49] Can't assign requested address
2026-01-28 16:33:48,694 - __main__ - ERROR - Database connection error: Failed to connect to database: [Errno 49] Can't assign requested address
2026-01-28 16:33:48,695 - __main__ - ERROR - Database connection error: Failed to connect to database: [Errno 49] Can't assign requested address
2026-01-28 16:33:48,696 - __main__ - ERROR - Database connection error: Failed to connect to database: [Errno 49] Can't assign requested address
2026-01-28 16:33:48,696 - __main__ - ERROR - Database connection error: Failed to connect to database: [Errno 49] Can't assign requested address
2026-01-28 16:33:48,697 - __main__ - ERROR - Database connection error: Failed to connect to database: [Errno 49] Can't assign requested address
2026-01-28 16:33:48,698 - __main__ - ERROR - Database connection error: Failed to connect to database: [Errno 49] Can't assign requested address
2026-01-28 16:33:48,698 - __main__ - ERROR - Database connection error: Failed to connect to database: [Errno 49] Can't assign requested address
2026-01-28 16:33:48,699 - __main__ - ERROR - Database connection error: Failed to connect to database: [Errno 49] Can't assign requested address
2026-01-28 16:33:48,700 - __main__ - ERROR - Database connection error: Failed to connect to database: [Errno 49] Can't assign requested address
2026-01-28 16:33:48,701 - __main__ - ERROR - Database connection error: Failed to connect to database: [Errno 49] Can't assign requested address
2026-01-28 16:33:48,701 - __main__ - ERROR - Database connection error: Failed to connect to database: [Errno 49] Can't assign requested address
2026-01-28 16:33:48,702 - __main__ - ERROR - Database connection error: Failed to connect to database: [Errno 49] Can't assign requested address
2026-01-28 16:33:48,703 - __main__ - ERROR - Database connection error: Failed to connect to database: [Errno 49] Can't assign requested address
2026-01-28 16:33:48,704 - __main__ - ERROR - Database connection error: Failed to connect to database: [Errno 49] Can't assign requested address
2026-01-28 16:33:48,704 - __main__ - ERROR - Database connection error: Failed to connect to database: [Errno 49] Can't assign requested address
2026-01-28 16:33:48,705 - __main__ - ERROR - Database connection error: Failed to connect to database: [Errno 49] Can't assign requested address
2026-01-28 16:33:48,706 - __main__ - ERROR - Database connection error: Failed to connect to database: [Errno 49] Can't assign requested address
2026-01-28 16:33:48,706 - __main__ - ERROR - Database connection error: Failed to connect to database: [Errno 49] Can't assign requested address
2026-01-28 16:33:48,707 - __main__ - ERROR - Database connection error: Failed to connect to database: [Errno 49] Can't assign requested address
2026-01-28 16:33:48,708 - __main__ - ERROR - Database connection error: Failed to connect to database: [Errno 49] Can't assign requested address
2026-01-28 16:33:48,709 - __main__ - ERROR - Database connection error: Failed to connect to database: [Errno 49] Can't assign requested address
2026-01-28 16:33:48,710 - __main__ - ERROR - Database connection error: Failed to connect to database: [Errno 49] Can't assign requested address
2026-01-28 16:33:48,711 - __main__ - ERROR - Database connection error: Failed to connect to database: [Errno 49] Can't assign requested address
2026-01-28 16:33:48,712 - __main__ - ERROR - Database connection error: Failed to connect to database: [Errno 49] Can't assign requested address
2026-01-28 16:33:48,713 - __main__ - ERROR - Database connection error: Failed to connect to database: [Errno 49] Can't assign requested address
2026-01-28 16:33:48,713 - __main__ - ERROR - Database connection error: Failed to connect to database: [Errno 49] Can't assign requested address
2026-01-28 16:33:48,714 - __main__ - ERROR - Database connection error: Failed to connect to database: [Errno 49] Can't assign requested address
2026-01-28 16:33:48,715 - __main__ - ERROR - Database connection error: Failed to connect to database: [Errno 49] Can't assign requested address
2026-01-28 16:33:48,716 - __main__ - ERROR - Database connection error: Failed to connect to database: [Errno 49] Can't assign requested address
2026-01-28 16:33:48,717 - __main__ - ERROR - Database connection error: Failed to connect to database: [Errno 49] Can't assign requested address
2026-01-28 16:33:48,717 - __main__ - ERROR - Database connection error: Failed to connect to database: [Errno 49] Can't assign requested address
2026-01-28 16:33:48,718 - __main__ - ERROR - Database connection error: Failed to connect to database: [Errno 49] Can't assign requested address
2026-01-28 16:33:48,719 - __main__ - ERROR - Database connection error: Failed to connect to database: [Errno 49] Can't assign requested address
2026-01-28 16:33:48,719 - __main__ - ERROR - Database connection error: Failed to connect to database: [Errno 49] Can't assign requested address
2026-01-28 16:33:48,720 - __main__ - ERROR - Database connection error: Failed to connect to database: [Errno 49] Can't assign requested address
2026-01-28 16:33:48,721 - __main__ - ERROR - Database connection error: Failed to connect to database: [Errno 49] Can't assign requested address
2026-01-28 16:33:48,722 - __main__ - ERROR - Database connection error: Failed to connect to database: [Errno 49] Can't assign requested address
2026-01-28 16:33:48,722 - __main__ - ERROR - Database connection error: Failed to connect to database: [Errno 49] Can't assign requested address
2026-01-28 16:33:48,723 - __main__ - ERROR - Database connection error: Failed to connect to database: [Errno 49] Can't assign requested address
2026-01-28 16:33:48,724 - __main__ - ERROR - Database connection error: Failed to connect to database: [Errno 49] Can't assign requested address
2026-01-28 16:33:48,725 - __main__ - ERROR - Database connection error: Failed to connect to database: [Errno 49] Can't assign requested address
2026-01-28 16:33:48,725 - __main__ - ERROR - Database connection error: Failed to connect to database: [Errno 49] Can't assign requested address
2026-01-28 16:33:48,726 - __main__ - ERROR - Database connection error: Failed to connect to database: [Errno 49] Can't assign requested address
2026-01-28 16:33:48,727 - __main__ - ERROR - Database connection error: Failed to connect to database: [Errno 49] Can't assign requested address
2026-01-28 16:33:48,727 - __main__ - ERROR - Database connection error: Failed to connect to database: [Errno 49] Can't assign requested address
2026-01-28 16:33:48,728 - __main__ - ERROR - Database connection error: Failed to connect to database: [Errno 49] Can't assign requested address
2026-01-28 16:33:48,729 - __main__ - ERROR - Database connection error: Failed to connect to database: [Errno 49] Can't assign requested address
2026-01-28 16:33:48,730 - __main__ - ERROR - Database connection error: Failed to connect to database: [Errno 49] Can't assign requested address
2026-01-28 16:33:48,730 - __main__ - ERROR - Database connection error: Failed to connect to database: [Errno 49] Can't assign requested address
2026-01-28 16:33:48,731 - __main__ - ERROR - Database connection error: Failed to connect to database: [Errno 49] Can't assign requested address
2026-01-28 16:33:48,732 - __main__ - ERROR - Database connection error: Failed to connect to database: [Errno 49] Can't assign requested address
2026-01-28 16:33:48,733 - __main__ - ERROR - Database connection error: Failed to connect to database: [Errno 49] Can't assign requested address
2026-01-28 16:33:48,733 - __main__ - ERROR - Database connection error: Failed to connect to database: [Errno 49] Can't assign requested address
2026-01-28 16:33:48,734 - __main__ - ERROR - Database connection error: Failed to connect to database: [Errno 49] Can't assign requested address
2026-01-28 16:33:48,735 - __main__ - ERROR - Database connection error: Failed to connect to database: [Errno 49] Can't assign requested address
2026-01-28 16:33:48,736 - __main__ - ERROR - Database connection error: Failed to connect to database: [Errno 49] Can't assign requested address
2026-01-28 16:33:48,736 - __main__ - ERROR - Database connection error: Failed to connect to database: [Errno 49] Can't assign requested address
2026-01-28 16:33:48,737 - __main__ - ERROR - Database connection error: Failed to connect to database: [Errno 49] Can't assign requested address
2026-01-28 16:33:48,738 - __main__ - ERROR - Database connection error: Failed to connect to database: [Errno 49] Can't assign requested address
2026-01-28 16:33:48,738 - __main__ - ERROR - Database connection error: Failed to connect to database: [Errno 49] Can't assign requested address
2026-01-28 16:33:48,739 - __main__ - ERROR - Database connection error: Failed to connect to database: [Errno 49] Can't assign requested address
2026-01-28 16:33:48,740 - __main__ - ERROR - Database connection error: Failed to connect to database: [Errno 49] Can't assign requested address
2026-01-28 16:33:48,741 - __main__ - ERROR - Database connection error: Failed to connect to database: [Errno 49] Can't assign requested address
2026-01-28 16:33:48,741 - __main__ - ERROR - Database connection error: Failed to connect to database: [Errno 49] Can't assign requested address
2026-01-28 16:33:48,742 - __main__ - ERROR - Database connection error: Failed to connect to database: [Errno 49] Can't assign requested address
2026-01-28 16:33:48,743 - __main__ - ERROR - Database connection error: Failed to connect to database: [Errno 49] Can't assign requested address
2026-01-28 16:33:48,744 - __main__ - ERROR - Database connection error: Failed to connect to database: [Errno 49] Can't assign requested address
2026-01-28 16:33:48,744 - __main__ - ERROR - Database connection error: Failed to connect to database: [Errno 49] Can't assign requested address
2026-01-28 16:33:48,745 - __main__ - ERROR - Database connection error: Failed to connect to database: [Errno 49] Can't assign requested address
2026-01-28 16:33:48,746 - __main__ - ERROR - Database connection error: Failed to connect to database: [Errno 49] Can't assign requested address
2026-01-28 16:33:48,747 - __main__ - ERROR - Database connection error: Failed to connect to database: [Errno 49] Can't assign requested address
2026-01-28 16:33:48,747 - __main__ - ERROR - Database connection error: Failed to connect to database: [Errno 49] Can't assign requested address
2026-01-28 16:33:48,748 - __main__ - ERROR - Database connection error: Failed to connect to database: [Errno 49] Can't assign requested address
2026-01-28 16:33:48,749 - __main__ - ERROR - Database connection error: Failed to connect to database: [Errno 49] Can't assign requested address
2026-01-28 16:33:48,750 - __main__ - ERROR - Database connection error: Failed to connect to database: [Errno 49] Can't assign requested address
2026-01-28 16:33:48,750 - __main__ - ERROR - Database connection error: Failed to connect to database: [Errno 49] Can't assign requested address
2026-01-28 16:33:48,751 - __main__ - ERROR - Database connection error: Failed to connect to database: [Errno 49] Can't assign requested address
2026-01-28 16:33:48,752 - __main__ - ERROR - Database connection error: Failed to connect to database: [Errno 49] Can't assign requested address
2026-01-28 16:33:48,753 - __main__ - ERROR - Database connection error: Failed to connect to database: [Errno 49] Can't assign requested address
2026-01-28 16:33:48,754 - __main__ - ERROR - Database connection error: Failed to connect to database: [Errno 49] Can't assign requested address
2026-01-28 16:33:48,755 - __main__ - ERROR - Database connection error: Failed to connect to database: [Errno 49] Can't assign requested address
2026-01-28 16:33:48,756 - __main__ - ERROR - Database connection error: Failed to connect to database: [Errno 49] Can't assign requested address
2026-01-28 16:33:48,756 - __main__ - ERROR - Database connection error: Failed to connect to database: [Errno 49] Can't assign requested address
2026-01-28 16:33:48,757 - __main__ - ERROR - Database connection error: Failed to connect to database: [Errno 49] Can't assign requested address
2026-01-28 16:33:48,758 - __main__ - ERROR - Database connection error: Failed to connect to database: [Errno 49] Can't assign requested address
2026-01-28 16:33:48,759 - __main__ - ERROR - Database connection error: Failed to connect to database: [Errno 49] Can't assign requested address
2026-01-28 16:33:48,759 - __main__ - ERROR - Database connection error: Failed to connect to database: [Errno 49] Can't assign requested address
2026-01-28 16:33:48,760 - __main__ - ERROR - Database connection error: Failed to connect to database: [Errno 49] Can't assign requested address
2026-01-28 16:33:48,761 - __main__ - ERROR - Database connection error: Failed to connect to database: [Errno 49] Can't assign requested address
2026-01-28 16:33:48,762 - __main__ - ERROR - Database connection error: Failed to connect to database: [Errno 49] Can't assign requested address
2026-01-28 16:33:48,762 - __main__ - ERROR - Database connection error: Failed to connect to database: [Errno 49] Can't assign requested address
2026-01-28 16:33:48,763 - __main__ - ERROR - Database connection error: Failed to connect to database: [Errno 49] Can't assign requested address
2026-01-28 16:33:48,764 - __main__ - ERROR - Database connection error: Failed to connect to database: [Errno 49] Can't assign requested address
2026-01-28 16:33:48,764 - __main__ - ERROR - Database connection error: Failed to connect to database: [Errno 49] Can't assign requested address
2026-01-28 16:33:48,765 - __main__ - ERROR - Database connection error: Failed to connect to database: [Errno 49] Can't assign requested address
2026-01-28 16:33:48,766 - __main__ - ERROR - Database connection error: Failed to connect to database: [Errno 49] Can't assign requested address
2026-01-28 16:33:48,767 - __main__ - ERROR - Database connection error: Failed to connect to database: [Errno 49] Can't assign requested address
2026-01-28 16:33:48,767 - __main__ - ERROR - Database connection error: Failed to connect to database: [Errno 49] Can't assign requested address
2026-01-28 16:33:48,768 - __main__ - ERROR - Database connection error: Failed to connect to database: [Errno 49] Can't assign requested address
2026-01-28 16:33:48,769 - __main__ - ERROR - Database connection error: Failed to connect to database: [Errno 49] Can't assign requested address
2026-01-28 16:33:48,770 - __main__ - ERROR - Database connection error: Failed to connect to database: [Errno 49] Can't assign requested address
2026-01-28 16:33:48,770 - __main__ - ERROR - Database connection error: Failed to connect to database: [Errno 49] Can't assign requested address
2026-01-28 16:33:48,771 - __main__ - ERROR - Database connection error: Failed to connect to database: [Errno 49] Can't assign requested address
2026-01-28 16:33:48,772 - __main__ - ERROR - Database connection error: Failed to connect to database: [Errno 49] Can't assign requested address
2026-01-28 16:33:48,772 - __main__ - ERROR - Database connection error: Failed to connect to database: [Errno 49] Can't assign requested address
2026-01-28 16:33:48,773 - __main__ - ERROR - Database connection error: Failed to connect to database: [Errno 49] Can't assign requested address
2026-01-28 16:33:48,774 - __main__ - ERROR - Database connection error: Failed to connect to database: [Errno 49] Can't assign requested address
2026-01-28 16:33:48,775 - __main__ - ERROR - Database connection error: Failed to connect to database: [Errno 49] Can't assign requested address
2026-01-28 16:33:48,775 - __main__ - ERROR - Database connection error: Failed to connect to database: [Errno 49] Can't assign requested address
2026-01-28 16:33:48,776 - __main__ - ERROR - Database connection error: Failed to connect to database: [Errno 49] Can't assign requested address
2026-01-28 16:33:48,777 - __main__ - ERROR - Database connection error: Failed to connect to database: [Errno 49] Can't assign requested address
2026-01-28 16:33:48,778 - __main__ - ERROR - Database connection error: Failed to connect to database: [Errno 49] Can't assign requested address
2026-01-28 16:33:48,778 - __main__ - ERROR - Database connection error: Failed to connect to database: [Errno 49] Can't assign requested address
2026-01-28 16:33:48,779 - __main__ - ERROR - Database connection error: Failed to connect to database: [Errno 49] Can't assign requested address
2026-01-28 16:33:48,780 - __main__ - ERROR - Database connection error: Failed to connect to database: [Errno 49] Can't assign requested address
2026-01-28 16:33:48,780 - __main__ - ERROR - Database connection error: Failed to connect to database: [Errno 49] Can't assign requested address
2026-01-28 16:33:48,781 - __main__ - ERROR - Database connection error: Failed to connect to database: [Errno 49] Can't assign requested address
2026-01-28 16:33:48,782 - __main__ - ERROR - Database connection error: Failed to connect to database: [Errno 49] Can't assign requested address
2026-01-28 16:33:48,783 - __main__ - ERROR - Database connection error: Failed to connect to database: [Errno 49] Can't assign requested address
2026-01-28 16:33:48,783 - __main__ - ERROR - Database connection error: Failed to connect to database: [Errno 49] Can't assign requested address
2026-01-28 16:33:48,784 - __main__ - ERROR - Database connection error: Failed to connect to database: [Errno 49] Can't assign requested address
2026-01-28 16:33:48,785 - __main__ - ERROR - Database connection error: Failed to connect to database: [Errno 49] Can't assign requested address
2026-01-28 16:33:48,786 - __main__ - ERROR - Database connection error: Failed to connect to database: [Errno 49] Can't assign requested address
2026-01-28 16:33:48,786 - __main__ - ERROR - Database connection error: Failed to connect to database: [Errno 49] Can't assign requested address
2026-01-28 16:33:48,787 - __main__ - ERROR - Database connection error: Failed to connect to database: [Errno 49] Can't assign requested address
2026-01-28 16:33:48,788 - __main__ - ERROR - Database connection error: Failed to connect to database: [Errno 49] Can't assign requested address
2026-01-28 16:33:48,788 - __main__ - ERROR - Database connection error: Failed to connect to database: [Errno 49] Can't assign requested address
2026-01-28 16:33:48,789 - __main__ - ERROR - Database connection error: Failed to connect to database: [Errno 49] Can't assign requested address
2026-01-28 16:33:48,790 - __main__ - ERROR - Database connection error: Failed to connect to database: [Errno 49] Can't assign requested address
2026-01-28 16:33:48,791 - __main__ - ERROR - Database connection error: Failed to connect to database: [Errno 49] Can't assign requested address
2026-01-28 16:33:48,791 - __main__ - ERROR - Database connection error: Failed to connect to database: [Errno 49] Can't assign requested address
2026-01-28 16:33:48,792 - __main__ - ERROR - Database connection error: Failed to connect to database: [Errno 49] Can't assign requested address
2026-01-28 16:33:48,793 - __main__ - ERROR - Database connection error: Failed to connect to database: [Errno 49] Can't assign requested address
2026-01-28 16:33:48,794 - __main__ - ERROR - Database connection error: Failed to connect to database: [Errno 49] Can't assign requested address
2026-01-28 16:33:48,795 - __main__ - ERROR - Database connection error: Failed to connect to database: [Errno 49] Can't assign requested address
2026-01-28 16:33:48,796 - __main__ - ERROR - Database connection error: Failed to connect to database: [Errno 49] Can't assign requested address
2026-01-28 16:33:48,796 - __main__ - ERROR - Database connection error: Failed to connect to database: [Errno 49] Can't assign requested address
2026-01-28 16:33:48,797 - __main__ - ERROR - Database connection error: Failed to connect to database: [Errno 49] Can't assign requested address
2026-01-28 16:33:48,798 - __main__ - ERROR - Database connection error: Failed to connect to database: [Errno 49] Can't assign requested address
2026-01-28 16:33:48,799 - __main__ - ERROR - Database connection error: Failed to connect to database: [Errno 49] Can't assign requested address
2026-01-28 16:33:48,800 - __main__ - ERROR - Database connection error: Failed to connect to database: [Errno 49] Can't assign requested address
2026-01-28 16:33:48,800 - __main__ - ERROR - Database connection error: Failed to connect to database: [Errno 49] Can't assign requested address
2026-01-28 16:33:48,801 - __main__ - ERROR - Database connection error: Failed to connect to database: [Errno 49] Can't assign requested address
2026-01-28 16:33:48,802 - __main__ - ERROR - Database connection error: Failed to connect to database: [Errno 49] Can't assign requested address
2026-01-28 16:33:48,803 - __main__ - ERROR - Database connection error: Failed to connect to database: [Errno 49] Can't assign requested address
2026-01-28 16:33:48,803 - __main__ - ERROR - Database connection error: Failed to connect to database: [Errno 49] Can't assign requested address
2026-01-28 16:33:48,804 - __main__ - ERROR - Database connection error: Failed to connect to database: [Errno 49] Can't assign requested address
2026-01-28 16:33:48,805 - __main__ - ERROR - Database connection error: Failed to connect to database: [Errno 49] Can't assign requested address
2026-01-28 16:33:48,806 - __main__ - ERROR - Database connection error: Failed to connect to database: [Errno 49] Can't assign requested address
2026-01-28 16:33:48,806 - __main__ - ERROR - Database connection error: Failed to connect to database: [Errno 49] Can't assign requested address
2026-01-28 16:33:48,807 - __main__ - ERROR - Database connection error: Failed to connect to database: [Errno 49] Can't assign requested address
2026-01-28 16:33:48,808 - __main__ - ERROR - Database connection error: Failed to connect to database: [Errno 49] Can't assign requested address
2026-01-28 16:33:48,809 - __main__ - ERROR - Database connection error: Failed to connect to database: [Errno 49] Can't assign requested address
2026-01-28 16:33:48,809 - __main__ - ERROR - Database connection error: Failed to connect to database: [Errno 49] Can't assign requested address
2026-01-28 16:33:48,810 - __main__ - ERROR - Database connection error: Failed to connect to database: [Errno 49] Can't assign requested address
2026-01-28 16:33:48,811 - __main__ - ERROR - Database connection error: Failed to connect to database: [Errno 49] Can't assign requested address
2026-01-28 16:33:48,812 - __main__ - ERROR - Database connection error: Failed to connect to database: [Errno 49] Can't assign requested address
2026-01-28 16:33:48,812 - __main__ - ERROR - Database connection error: Failed to connect to database: [Errno 49] Can't assign requested address
2026-01-28 16:33:48,813 - __main__ - ERROR - Database connection error: Failed to connect to database: [Errno 49] Can't assign requested address
2026-01-28 16:33:48,814 - __main__ - ERROR - Database connection error: Failed to connect to database: [Errno 49] Can't assign requested address
2026-01-28 16:33:48,814 - __main__ - ERROR - Database connection error: Failed to connect to database: [Errno 49] Can't assign requested address
2026-01-28 16:33:48,815 - __main__ - ERROR - Database connection error: Failed to connect to database: [Errno 49] Can't assign requested address
2026-01-28 16:33:48,816 - __main__ - ERROR - Database connection error: Failed to connect to database: [Errno 49] Can't assign requested address
2026-01-28 16:33:48,817 - __main__ - ERROR - Database connection error: Failed to connect to database: [Errno 49] Can't assign requested address
2026-01-28 16:33:48,817 - __main__ - ERROR - Database connection error: Failed to connect to database: [Errno 49] Can't assign requested address
2026-01-28 16:33:48,818 - __main__ - ERROR - Database connection error: Failed to connect to database: [Errno 49] Can't assign requested address
2026-01-28 16:33:48,819 - __main__ - ERROR - Database connection error: Failed to connect to database: [Errno 49] Can't assign requested address
2026-01-28 16:33:48,820 - __main__ - ERROR - Database connection error: Failed to connect to database: [Errno 49] Can't assign requested address
2026-01-28 16:33:48,820 - __main__ - ERROR - Database connection error: Failed to connect to database: [Errno 49] Can't assign requested address
2026-01-28 16:33:48,821 - __main__ - ERROR - Database connection error: Failed to connect to database: [Errno 49] Can't assign requested address
2026-01-28 16:33:48,822 - __main__ - ERROR - Database connection error: Failed to connect to database: [Errno 49] Can't assign requested address
2026-01-28 16:33:48,823 - __main__ - ERROR - Database connection error: Failed to connect to database: [Errno 49] Can't assign requested address
2026-01-28 16:33:48,823 - __main__ - ERROR - Database connection error: Failed to connect to database: [Errno 49] Can't assign requested address
2026-01-28 16:33:48,824 - __main__ - ERROR - Database connection error: Failed to connect to database: [Errno 49] Can't assign requested address
2026-01-28 16:33:48,825 - __main__ - ERROR - Database connection error: Failed to connect to database: [Errno 49] Can't assign requested address
2026-01-28 16:33:48,825 - __main__ - ERROR - Database connection error: Failed to connect to database: [Errno 49] Can't assign requested address
2026-01-28 16:33:48,826 - __main__ - ERROR - Database connection error: Failed to connect to database: [Errno 49] Can't assign requested address
2026-01-28 16:33:48,827 - __main__ - ERROR - Database connection error: Failed to connect to database: [Errno 49] Can't assign requested address
2026-01-28 16:33:48,828 - __main__ - ERROR - Database connection error: Failed to connect to database: [Errno 49] Can't assign requested address
2026-01-28 16:33:48,828 - __main__ - ERROR - Database connection error: Failed to connect to database: [Errno 49] Can't assign requested address
2026-01-28 16:33:48,829 - __main__ - ERROR - Database connection error: Failed to connect to database: [Errno 49] Can't assign requested address
2026-01-28 16:33:48,830 - __main__ - ERROR - Database connection error: Failed to connect to database: [Errno 49] Can't assign requested address
2026-01-28 16:33:48,831 - __main__ - ERROR - Database connection error: Failed to connect to database: [Errno 49] Can't assign requested address
2026-01-28 16:33:48,831 - __main__ - ERROR - Database connection error: Failed to connect to database: [Errno 49] Can't assign requested address
2026-01-28 16:33:48,832 - __main__ - ERROR - Database connection error: Failed to connect to database: [Errno 49] Can't assign requested address
2026-01-28 16:33:48,833 - __main__ - ERROR - Database connection error: Failed to connect to database: [Errno 49] Can't assign requested address
2026-01-28 16:33:48,834 - __main__ - ERROR - Database connection error: Failed to connect to database: [Errno 49] Can't assign requested address
2026-01-28 16:33:48,834 - __main__ - ERROR - Database connection error: Failed to connect to database: [Errno 49] Can't assign requested address
2026-01-28 16:33:48,835 - __main__ - ERROR - Database connection error: Failed to connect to database: [Errno 49] Can't assign requested address
2026-01-28 16:33:48,836 - __main__ - ERROR - Database connection error: Failed to connect to database: [Errno 49] Can't assign requested address
2026-01-28 16:33:48,837 - __main__ - ERROR - Database connection error: Failed to connect to database: [Errno 49] Can't assign requested address
2026-01-28 16:33:48,838 - __main__ - ERROR - Database connection error: Failed to connect to database: [Errno 49] Can't assign requested address
2026-01-28 16:33:48,839 - __main__ - ERROR - Database connection error: Failed to connect to database: [Errno 49] Can't assign requested address
2026-01-28 16:33:48,840 - __main__ - ERROR - Database connection error: Failed to connect to database: [Errno 49] Can't assign requested address
2026-01-28 16:33:48,840 - __main__ - ERROR - Database connection error: Failed to connect to database: [Errno 49] Can't assign requested address
2026-01-28 16:33:48,841 - __main__ - ERROR - Database connection error: Failed to connect to database: [Errno 49] Can't assign requested address
2026-01-28 16:33:48,842 - __main__ - ERROR - Database connection error: Failed to connect to database: [Errno 49] Can't assign requested address
2026-01-28 16:33:48,843 - __main__ - ERROR - Database connection error: Failed to connect to database: [Errno 49] Can't assign requested address
2026-01-28 16:33:48,843 - __main__ - ERROR - Database connection error: Failed to connect to database: [Errno 49] Can't assign requested address
2026-01-28 16:33:48,844 - __main__ - ERROR - Database connection error: Failed to connect to database: [Errno 49] Can't assign requested address
2026-01-28 16:33:48,845 - __main__ - ERROR - Database connection error: Failed to connect to database: [Errno 49] Can't assign requested address
2026-01-28 16:33:48,846 - __main__ - ERROR - Database connection error: Failed to connect to database: [Errno 49] Can't assign requested address
2026-01-28 16:33:48,846 - __main__ - ERROR - Database connection error: Failed to connect to database: [Errno 49] Can't assign requested address
2026-01-28 16:33:48,847 - __main__ - ERROR - Database connection error: Failed to connect to database: [Errno 49] Can't assign requested address
2026-01-28 16:33:48,848 - __main__ - ERROR - Database connection error: Failed to connect to database: [Errno 49] Can't assign requested address
2026-01-28 16:33:48,848 - __main__ - ERROR - Database connection error: Failed to connect to database: [Errno 49] Can't assign requested address
2026-01-28 16:33:48,849 - __main__ - ERROR - Database connection error: Failed to connect to database: [Errno 49] Can't assign requested address
2026-01-28 16:33:48,850 - __main__ - ERROR - Database connection error: Failed to connect to database: [Errno 49] Can't assign requested address
2026-01-28 16:33:48,851 - __main__ - ERROR - Database connection error: Failed to connect to database: [Errno 49] Can't assign requested address
2026-01-28 16:33:48,852 - __main__ - ERROR - Database connection error: Failed to connect to database: [Errno 49] Can't assign requested address
2026-01-28 16:33:48,853 - __main__ - ERROR - Database connection error: Failed to connect to database: [Errno 49] Can't assign requested address
2026-01-28 16:33:48,853 - __main__ - ERROR - Database connection error: Failed to connect to database: [Errno 49] Can't assign requested address
2026-01-28 16:33:48,854 - __main__ - ERROR - Database connection error: Failed to connect to database: [Errno 49] Can't assign requested address
2026-01-28 16:33:48,855 - __main__ - ERROR - Database connection error: Failed to connect to database: [Errno 49] Can't assign requested address
2026-01-28 16:33:48,856 - __main__ - ERROR - Database connection error: Failed to connect to database: [Errno 49] Can't assign requested address
2026-01-28 16:33:48,856 - __main__ - ERROR - Database connection error: Failed to connect to database: [Errno 49] Can't assign requested address
2026-01-28 16:33:48,857 - __main__ - ERROR - Database connection error: Failed to connect to database: [Errno 49] Can't assign requested address
2026-01-28 16:33:48,858 - __main__ - ERROR - Database connection error: Failed to connect to database: [Errno 49] Can't assign requested address
2026-01-28 16:33:48,859 - __main__ - ERROR - Database connection error: Failed to connect to database: [Errno 49] Can't assign requested address
2026-01-28 16:33:48,859 - __main__ - ERROR - Database connection error: Failed to connect to database: [Errno 49] Can't assign requested address
2026-01-28 16:33:48,860 - __main__ - ERROR - Database connection error: Failed to connect to database: [Errno 49] Can't assign requested address
2026-01-28 16:33:48,861 - __main__ - ERROR - Database connection error: Failed to connect to database: [Errno 49] Can't assign requested address
2026-01-28 16:33:48,862 - __main__ - ERROR - Database connection error: Failed to connect to database: [Errno 49] Can't assign requested address
2026-01-28 16:33:48,862 - __main__ - ERROR - Database connection error: Failed to connect to database: [Errno 49] Can't assign requested address
2026-01-28 16:33:48,863 - __main__ - ERROR - Database connection error: Failed to connect to database: [Errno 49] Can't assign requested address
2026-01-28 16:33:48,864 - __main__ - ERROR - Database connection error: Failed to connect to database: [Errno 49] Can't assign requested address
2026-01-28 16:33:48,865 - __main__ - ERROR - Database connection error: Failed to connect to database: [Errno 49] Can't assign requested address
2026-01-28 16:33:48,865 - __main__ - ERROR - Database connection error: Failed to connect to database: [Errno 49] Can't assign requested address
2026-01-28 16:33:48,866 - __main__ - ERROR - Database connection error: Failed to connect to database: [Errno 49] Can't assign requested address
2026-01-28 16:33:48,867 - __main__ - ERROR - Database connection error: Failed to connect to database: [Errno 49] Can't assign requested address
2026-01-28 16:33:48,867 - __main__ - ERROR - Database connection error: Failed to connect to database: [Errno 49] Can't assign requested address
2026-01-28 16:33:48,868 - __main__ - ERROR - Database connection error: Failed to connect to database: [Errno 49] Can't assign requested address
2026-01-28 16:33:48,869 - __main__ - ERROR - Database connection error: Failed to connect to database: [Errno 49] Can't assign requested address
2026-01-28 16:33:48,870 - __main__ - ERROR - Database connection error: Failed to connect to database: [Errno 49] Can't assign requested address
2026-01-28 16:33:48,870 - __main__ - ERROR - Database connection error: Failed to connect to database: [Errno 49] Can't assign requested address
2026-01-28 16:33:48,871 - __main__ - ERROR - Database connection error: Failed to connect to database: [Errno 49] Can't assign requested address
2026-01-28 16:33:48,872 - __main__ - ERROR - Database connection error: Failed to connect to database: [Errno 49] Can't assign requested address
2026-01-28 16:33:48,873 - __main__ - ERROR - Database connection error: Failed to connect to database: [Errno 49] Can't assign requested address
2026-01-28 16:33:48,873 - __main__ - ERROR - Database connection error: Failed to connect to database: [Errno 49] Can't assign requested address
2026-01-28 16:33:48,874 - __main__ - ERROR - Database connection error: Failed to connect to database: [Errno 49] Can't assign requested address
2026-01-28 16:33:48,875 - __main__ - ERROR - Database connection error: Failed to connect to database: [Errno 49] Can't assign requested address
2026-01-28 16:33:48,876 - __main__ - ERROR - Database connection error: Failed to connect to database: [Errno 49] Can't assign requested address
2026-01-28 16:33:48,876 - __main__ - ERROR - Database connection error: Failed to connect to database: [Errno 49] Can't assign requested address
2026-01-28 16:33:48,877 - __main__ - ERROR - Database connection error: Failed to connect to database: [Errno 49] Can't assign requested address
2026-01-28 16:33:48,878 - __main__ - ERROR - Database connection error: Failed to connect to database: [Errno 49] Can't assign requested address
2026-01-28 16:33:48,879 - __main__ - ERROR - Database connection error: Failed to connect to database: [Errno 49] Can't assign requested address
2026-01-28 16:33:48,880 - __main__ - ERROR - Database connection error: Failed to connect to database: [Errno 49] Can't assign requested address
2026-01-28 16:33:48,881 - __main__ - ERROR - Database connection error: Failed to connect to database: [Errno 49] Can't assign requested address
2026-01-28 16:33:48,882 - __main__ - ERROR - Database connection error: Failed to connect to database: [Errno 49] Can't assign requested address
2026-01-28 16:33:48,883 - __main__ - ERROR - Database connection error: Failed to connect to database: [Errno 49] Can't assign requested address
2026-01-28 16:33:48,883 - __main__ - ERROR - Database connection error: Failed to connect to database: [Errno 49] Can't assign requested address
2026-01-28 16:33:48,884 - __main__ - ERROR - Database connection error: Failed to connect to database: [Errno 49] Can't assign requested address
2026-01-28 16:33:48,885 - __main__ - ERROR - Database connection error: Failed to connect to database: [Errno 49] Can't assign requested address
2026-01-28 16:33:48,886 - __main__ - ERROR - Database connection error: Failed to connect to database: [Errno 49] Can't assign requested address
2026-01-28 16:33:48,886 - __main__ - ERROR - Database connection error: Failed to connect to database: [Errno 49] Can't assign requested address
2026-01-28 16:33:48,887 - __main__ - ERROR - Database connection error: Failed to connect to database: [Errno 49] Can't assign requested address
2026-01-28 16:33:48,888 - __main__ - ERROR - Database connection error: Failed to connect to database: [Errno 49] Can't assign requested address
2026-01-28 16:33:48,888 - __main__ - ERROR - Database connection error: Failed to connect to database: [Errno 49] Can't assign requested address
2026-01-28 16:33:48,889 - __main__ - ERROR - Database connection error: Failed to connect to database: [Errno 49] Can't assign requested address
2026-01-28 16:33:48,890 - __main__ - ERROR - Database connection error: Failed to connect to database: [Errno 49] Can't assign requested address
2026-01-28 16:33:48,891 - __main__ - ERROR - Database connection error: Failed to connect to database: [Errno 49] Can't assign requested address
2026-01-28 16:33:48,891 - __main__ - ERROR - Database connection error: Failed to connect to database: [Errno 49] Can't assign requested address
2026-01-28 16:33:48,892 - __main__ - ERROR - Database connection error: Failed to connect to database: [Errno 49] Can't assign requested address
2026-01-28 16:33:48,893 - __main__ - ERROR - Database connection error: Failed to connect to database: [Errno 49] Can't assign requested address
2026-01-28 16:33:48,894 - __main__ - ERROR - Database connection error: Failed to connect to database: [Errno 49] Can't assign requested address
2026-01-28 16:33:48,894 - __main__ - ERROR - Database connection error: Failed to connect to database: [Errno 49] Can't assign requested address
2026-01-28 16:33:48,895 - __main__ - ERROR - Database connection error: Failed to connect to database: [Errno 49] Can't assign requested address
2026-01-28 16:33:48,896 - __main__ - ERROR - Database connection error: Failed to connect to database: [Errno 49] Can't assign requested address
2026-01-28 16:33:48,897 - __main__ - ERROR - Database connection error: Failed to connect to database: [Errno 49] Can't assign requested address
2026-01-28 16:33:48,897 - __main__ - ERROR - Database connection error: Failed to connect to database: [Errno 49] Can't assign requested address
2026-01-28 16:33:48,898 - __main__ - ERROR - Database connection error: Failed to connect to database: [Errno 49] Can't assign requested address
2026-01-28 16:33:48,899 - __main__ - ERROR - Database connection error: Failed to connect to database: [Errno 49] Can't assign requested address
2026-01-28 16:33:48,900 - __main__ - ERROR - Database connection error: Failed to connect to database: [Errno 49] Can't assign requested address
2026-01-28 16:33:48,900 - __main__ - ERROR - Database connection error: Failed to connect to database: [Errno 49] Can't assign requested address
2026-01-28 16:33:48,901 - __main__ - ERROR - Database connection error: Failed to connect to database: [Errno 49] Can't assign requested address
2026-01-28 16:33:48,902 - __main__ - ERROR - Database connection error: Failed to connect to database: [Errno 49] Can't assign requested address
2026-01-28 16:33:48,902 - __main__ - ERROR - Database connection error: Failed to connect to database: [Errno 49] Can't assign requested address
2026-01-28 16:33:48,903 - __main__ - ERROR - Database connection error: Failed to connect to database: [Errno 49] Can't assign requested address
2026-01-28 16:33:48,904 - __main__ - ERROR - Database connection error: Failed to connect to database: [Errno 49] Can't assign requested address
2026-01-28 16:33:48,905 - __main__ - ERROR - Database connection error: Failed to connect to database: [Errno 49] Can't assign requested address
2026-01-28 16:33:48,905 - __main__ - ERROR - Database connection error: Failed to connect to database: [Errno 49] Can't assign requested address
2026-01-28 16:33:48,906 - __main__ - ERROR - Database connection error: Failed to connect to database: [Errno 49] Can't assign requested address
2026-01-28 16:33:48,907 - __main__ - ERROR - Database connection error: Failed to connect to database: [Errno 49] Can't assign requested address
2026-01-28 16:33:48,907 - __main__ - ERROR - Database connection error: Failed to connect to database: [Errno 49] Can't assign requested address
2026-01-28 16:33:48,908 - __main__ - ERROR - Database connection error: Failed to connect to database: [Errno 49] Can't assign requested address
2026-01-28 16:33:48,909 - __main__ - ERROR - Database connection error: Failed to connect to database: [Errno 49] Can't assign requested address
2026-01-28 16:33:48,910 - __main__ - ERROR - Database connection error: Failed to connect to database: [Errno 49] Can't assign requested address
2026-01-28 16:33:48,910 - __main__ - ERROR - Database connection error: Failed to connect to database: [Errno 49] Can't assign requested address
2026-01-28 16:33:48,911 - __main__ - ERROR - Database connection error: Failed to connect to database: [Errno 49] Can't assign requested address
2026-01-28 16:33:48,912 - __main__ - ERROR - Database connection error: Failed to connect to database: [Errno 49] Can't assign requested address
2026-01-28 16:33:48,913 - __main__ - ERROR - Database connection error: Failed to connect to database: [Errno 49] Can't assign requested address
2026-01-28 16:33:48,913 - __main__ - ERROR - Database connection error: Failed to connect to database: [Errno 49] Can't assign requested address
2026-01-28 16:33:48,914 - __main__ - ERROR - Database connection error: Failed to connect to database: [Errno 49] Can't assign requested address
2026-01-28 16:33:48,915 - __main__ - ERROR - Database connection error: Failed to connect to database: [Errno 49] Can't assign requested address
2026-01-28 16:33:48,916 - __main__ - ERROR - Database connection error: Failed to connect to database: [Errno 49] Can't assign requested address
2026-01-28 16:33:48,916 - __main__ - ERROR - Database connection error: Failed to connect to database: [Errno 49] Can't assign requested address
2026-01-28 16:33:48,917 - __main__ - ERROR - Database connection error: Failed to connect to database: [Errno 49] Can't assign requested address
2026-01-28 16:33:48,918 - __main__ - ERROR - Database connection error: Failed to connect to database: [Errno 49] Can't assign requested address
2026-01-28 16:33:48,919 - __main__ - ERROR - Database connection error: Failed to connect to database: [Errno 49] Can't assign requested address
2026-01-28 16:33:48,920 - __main__ - ERROR - Database connection error: Failed to connect to database: [Errno 49] Can't assign requested address
2026-01-28 16:33:48,921 - __main__ - ERROR - Database connection error: Failed to connect to database: [Errno 49] Can't assign requested address
2026-01-28 16:33:48,921 - __main__ - ERROR - Database connection error: Failed to connect to database: [Errno 49] Can't assign requested address
2026-01-28 16:33:48,922 - __main__ - ERROR - Database connection error: Failed to connect to database: [Errno 49] Can't assign requested address
2026-01-28 16:33:48,923 - __main__ - ERROR - Database connection error: Failed to connect to database: [Errno 49] Can't assign requested address
2026-01-28 16:33:48,924 - __main__ - ERROR - Database connection error: Failed to connect to database: [Errno 49] Can't assign requested address
2026-01-28 16:33:48,925 - __main__ - ERROR - Database connection error: Failed to connect to database: [Errno 49] Can't assign requested address
2026-01-28 16:33:48,925 - __main__ - ERROR - Database connection error: Failed to connect to database: [Errno 49] Can't assign requested address
2026-01-28 16:33:48,926 - __main__ - ERROR - Database connection error: Failed to connect to database: [Errno 49] Can't assign requested address
2026-01-28 16:33:48,927 - __main__ - ERROR - Database connection error: Failed to connect to database: [Errno 49] Can't assign requested address
2026-01-28 16:33:48,928 - __main__ - ERROR - Database connection error: Failed to connect to database: [Errno 49] Can't assign requested address
2026-01-28 16:33:48,928 - __main__ - ERROR - Database connection error: Failed to connect to database: [Errno 49] Can't assign requested address
2026-01-28 16:33:48,929 - __main__ - ERROR - Database connection error: Failed to connect to database: [Errno 49] Can't assign requested address
2026-01-28 16:33:48,930 - __main__ - ERROR - Database connection error: Failed to connect to database: [Errno 49] Can't assign requested address
2026-01-28 16:33:48,930 - __main__ - ERROR - Database connection error: Failed to connect to database: [Errno 49] Can't assign requested address
2026-01-28 16:33:48,931 - __main__ - ERROR - Database connection error: Failed to connect to database: [Errno 49] Can't assign requested address
2026-01-28 16:33:48,932 - __main__ - ERROR - Database connection error: Failed to connect to database: [Errno 49] Can't assign requested address
2026-01-28 16:33:48,933 - __main__ - ERROR - Database connection error: Failed to connect to database: [Errno 49] Can't assign requested address
2026-01-28 16:33:48,933 - __main__ - ERROR - Database connection error: Failed to connect to database: [Errno 49] Can't assign requested address
2026-01-28 16:33:48,934 - __main__ - ERROR - Database connection error: Failed to connect to database: [Errno 49] Can't assign requested address
2026-01-28 16:33:48,935 - __main__ - ERROR - Database connection error: Failed to connect to database: [Errno 49] Can't assign requested address
2026-01-28 16:33:48,936 - __main__ - ERROR - Database connection error: Failed to connect to database: [Errno 49] Can't assign requested address
2026-01-28 16:33:48,936 - __main__ - ERROR - Database connection error: Failed to connect to database: [Errno 49] Can't assign requested address
2026-01-28 16:33:48,937 - __main__ - ERROR - Database connection error: Failed to connect to database: [Errno 49] Can't assign requested address
2026-01-28 16:33:48,938 - __main__ - ERROR - Database connection error: Failed to connect to database: [Errno 49] Can't assign requested address
2026-01-28 16:33:48,939 - __main__ - ERROR - Database connection error: Failed to connect to database: [Errno 49] Can't assign requested address
2026-01-28 16:33:48,939 - __main__ - ERROR - Database connection error: Failed to connect to database: [Errno 49] Can't assign requested address
2026-01-28 16:33:48,940 - __main__ - ERROR - Database connection error: Failed to connect to database: [Errno 49] Can't assign requested address
2026-01-28 16:33:48,941 - __main__ - ERROR - Database connection error: Failed to connect to database: [Errno 49] Can't assign requested address
2026-01-28 16:33:48,941 - __main__ - ERROR - Database connection error: Failed to connect to database: [Errno 49] Can't assign requested address
2026-01-28 16:33:48,942 - __main__ - ERROR - Database connection error: Failed to connect to database: [Errno 49] Can't assign requested address
2026-01-28 16:33:48,943 - __main__ - ERROR - Database connection error: Failed to connect to database: [Errno 49] Can't assign requested address
2026-01-28 16:33:48,944 - __main__ - ERROR - Database connection error: Failed to connect to database: [Errno 49] Can't assign requested address
2026-01-28 16:33:48,944 - __main__ - ERROR - Database connection error: Failed to connect to database: [Errno 49] Can't assign requested address
2026-01-28 16:33:48,945 - __main__ - ERROR - Database connection error: Failed to connect to database: [Errno 49] Can't assign requested address
2026-01-28 16:33:48,946 - __main__ - ERROR - Database connection error: Failed to connect to database: [Errno 49] Can't assign requested address
2026-01-28 16:33:48,947 - __main__ - ERROR - Database connection error: Failed to connect to database: [Errno 49] Can't assign requested address
2026-01-28 16:33:48,947 - __main__ - ERROR - Database connection error: Failed to connect to database: [Errno 49] Can't assign requested address
2026-01-28 16:33:48,948 - __main__ - ERROR - Database connection error: Failed to connect to database: [Errno 49] Can't assign requested address
2026-01-28 16:33:48,949 - __main__ - ERROR - Database connection error: Failed to connect to database: [Errno 49] Can't assign requested address
2026-01-28 16:33:48,950 - __main__ - ERROR - Database connection error: Failed to connect to database: [Errno 49] Can't assign requested address
2026-01-28 16:33:48,950 - __main__ - ERROR - Database connection error: Failed to connect to database: [Errno 49] Can't assign requested address
2026-01-28 16:33:48,951 - __main__ - ERROR - Database connection error: Failed to connect to database: [Errno 49] Can't assign requested address
2026-01-28 16:33:48,952 - __main__ - ERROR - Database connection error: Failed to connect to database: [Errno 49] Can't assign requested address
2026-01-28 16:33:48,953 - __main__ - ERROR - Database connection error: Failed to connect to database: [Errno 49] Can't assign requested address
2026-01-28 16:33:48,953 - __main__ - ERROR - Database connection error: Failed to connect to database: [Errno 49] Can't assign requested address
2026-01-28 16:33:48,954 - __main__ - ERROR - Database connection error: Failed to connect to database: [Errno 49] Can't assign requested address
2026-01-28 16:33:48,955 - __main__ - ERROR - Database connection error: Failed to connect to database: [Errno 49] Can't assign requested address
2026-01-28 16:33:48,955 - __main__ - ERROR - Database connection error: Failed to connect to database: [Errno 49] Can't assign requested address
2026-01-28 16:33:48,956 - __main__ - ERROR - Database connection error: Failed to connect to database: [Errno 49] Can't assign requested address
2026-01-28 16:33:48,957 - __main__ - ERROR - Database connection error: Failed to connect to database: [Errno 49] Can't assign requested address
2026-01-28 16:33:48,958 - __main__ - ERROR - Database connection error: Failed to connect to database: [Errno 49] Can't assign requested address
2026-01-28 16:33:48,958 - __main__ - ERROR - Database connection error: Failed to connect to database: [Errno 49] Can't assign requested address
2026-01-28 16:33:48,959 - __main__ - ERROR - Database connection error: Failed to connect to database: [Errno 49] Can't assign requested address
2026-01-28 16:33:48,960 - __main__ - ERROR - Database connection error: Failed to connect to database: [Errno 49] Can't assign requested address
2026-01-28 16:33:48,961 - __main__ - ERROR - Database connection error: Failed to connect to database: [Errno 49] Can't assign requested address
2026-01-28 16:33:48,962 - __main__ - ERROR - Database connection error: Failed to connect to database: [Errno 49] Can't assign requested address
2026-01-28 16:33:48,963 - __main__ - ERROR - Database connection error: Failed to connect to database: [Errno 49] Can't assign requested address
2026-01-28 16:33:48,964 - __main__ - ERROR - Database connection error: Failed to connect to database: [Errno 49] Can't assign requested address
2026-01-28 16:33:48,964 - __main__ - ERROR - Database connection error: Failed to connect to database: [Errno 49] Can't assign requested address
2026-01-28 16:33:48,965 - __main__ - ERROR - Database connection error: Failed to connect to database: [Errno 49] Can't assign requested address
2026-01-28 16:33:48,966 - __main__ - ERROR - Database connection error: Failed to connect to database: [Errno 49] Can't assign requested address
2026-01-28 16:33:48,967 - __main__ - ERROR - Database connection error: Failed to connect to database: [Errno 49] Can't assign requested address
2026-01-28 16:33:48,967 - __main__ - ERROR - Database connection error: Failed to connect to database: [Errno 49] Can't assign requested address
2026-01-28 16:33:48,968 - __main__ - ERROR - Database connection error: Failed to connect to database: [Errno 49] Can't assign requested address
2026-01-28 16:33:48,969 - __main__ - ERROR - Database connection error: Failed to connect to database: [Errno 49] Can't assign requested address
2026-01-28 16:33:48,970 - __main__ - ERROR - Database connection error: Failed to connect to database: [Errno 49] Can't assign requested address
2026-01-28 16:33:48,970 - __main__ - ERROR - Database connection error: Failed to connect to database: [Errno 49] Can't assign requested address
2026-01-28 16:33:48,971 - __main__ - ERROR - Database connection error: Failed to connect to database: [Errno 49] Can't assign requested address
2026-01-28 16:33:48,972 - __main__ - ERROR - Database connection error: Failed to connect to database: [Errno 49] Can't assign requested address
2026-01-28 16:33:48,973 - __main__ - ERROR - Database connection error: Failed to connect to database: [Errno 49] Can't assign requested address
2026-01-28 16:33:48,973 - __main__ - ERROR - Database connection error: Failed to connect to database: [Errno 49] Can't assign requested address
2026-01-28 16:33:48,974 - __main__ - ERROR - Database connection error: Failed to connect to database: [Errno 49] Can't assign requested address
2026-01-28 16:33:48,975 - __main__ - ERROR - Database connection error: Failed to connect to database: [Errno 49] Can't assign requested address
2026-01-28 16:33:48,975 - __main__ - ERROR - Database connection error: Failed to connect to database: [Errno 49] Can't assign requested address
2026-01-28 16:33:48,976 - __main__ - ERROR - Database connection error: Failed to connect to database: [Errno 49] Can't assign requested address
2026-01-28 16:33:48,977 - __main__ - ERROR - Database connection error: Failed to connect to database: [Errno 49] Can't assign requested address
2026-01-28 16:33:48,978 - __main__ - ERROR - Database connection error: Failed to connect to database: [Errno 49] Can't assign requested address
2026-01-28 16:33:48,978 - __main__ - ERROR - Database connection error: Failed to connect to database: [Errno 49] Can't assign requested address
2026-01-28 16:33:48,979 - __main__ - ERROR - Database connection error: Failed to connect to database: [Errno 49] Can't assign requested address
2026-01-28 16:33:48,980 - __main__ - ERROR - Database connection error: Failed to connect to database: [Errno 49] Can't assign requested address
2026-01-28 16:33:48,981 - __main__ - ERROR - Database connection error: Failed to connect to database: [Errno 49] Can't assign requested address
2026-01-28 16:33:48,981 - __main__ - ERROR - Database connection error: Failed to connect to database: [Errno 49] Can't assign requested address
2026-01-28 16:33:48,982 - __main__ - ERROR - Database connection error: Failed to connect to database: [Errno 49] Can't assign requested address
2026-01-28 16:33:48,983 - __main__ - ERROR - Database connection error: Failed to connect to database: [Errno 49] Can't assign requested address
2026-01-28 16:33:48,983 - __main__ - ERROR - Database connection error: Failed to connect to database: [Errno 49] Can't assign requested address
2026-01-28 16:33:48,984 - __main__ - ERROR - Database connection error: Failed to connect to database: [Errno 49] Can't assign requested address
2026-01-28 16:33:48,985 - __main__ - ERROR - Database connection error: Failed to connect to database: [Errno 49] Can't assign requested address
2026-01-28 16:33:48,986 - __main__ - ERROR - Database connection error: Failed to connect to database: [Errno 49] Can't assign requested address
2026-01-28 16:33:48,986 - __main__ - ERROR - Database connection error: Failed to connect to database: [Errno 49] Can't assign requested address
2026-01-28 16:33:48,987 - __main__ - ERROR - Database connection error: Failed to connect to database: [Errno 49] Can't assign requested address
2026-01-28 16:33:48,988 - __main__ - ERROR - Database connection error: Failed to connect to database: [Errno 49] Can't assign requested address
2026-01-28 16:33:48,989 - __main__ - ERROR - Database connection error: Failed to connect to database: [Errno 49] Can't assign requested address
2026-01-28 16:33:48,989 - __main__ - ERROR - Database connection error: Failed to connect to database: [Errno 49] Can't assign requested address
2026-01-28 16:33:48,990 - __main__ - ERROR - Database connection error: Failed to connect to database: [Errno 49] Can't assign requested address
2026-01-28 16:33:48,991 - __main__ - ERROR - Database connection error: Failed to connect to database: [Errno 49] Can't assign requested address
2026-01-28 16:33:48,991 - __main__ - ERROR - Database connection error: Failed to connect to database: [Errno 49] Can't assign requested address
2026-01-28 16:33:48,992 - __main__ - ERROR - Database connection error: Failed to connect to database: [Errno 49] Can't assign requested address
2026-01-28 16:33:48,993 - __main__ - ERROR - Database connection error: Failed to connect to database: [Errno 49] Can't assign requested address
2026-01-28 16:33:48,994 - __main__ - ERROR - Database connection error: Failed to connect to database: [Errno 49] Can't assign requested address
2026-01-28 16:33:48,994 - __main__ - ERROR - Database connection error: Failed to connect to database: [Errno 49] Can't assign requested address
2026-01-28 16:33:48,995 - __main__ - ERROR - Database connection error: Failed to connect to database: [Errno 49] Can't assign requested address
2026-01-28 16:33:48,996 - __main__ - ERROR - Database connection error: Failed to connect to database: [Errno 49] Can't assign requested address
2026-01-28 16:33:48,997 - __main__ - ERROR - Database connection error: Failed to connect to database: [Errno 49] Can't assign requested address
2026-01-28 16:33:48,997 - __main__ - ERROR - Database connection error: Failed to connect to database: [Errno 49] Can't assign requested address
2026-01-28 16:33:48,998 - __main__ - ERROR - Database connection error: Failed to connect to database: [Errno 49] Can't assign requested address
2026-01-28 16:33:48,999 - __main__ - ERROR - Database connection error: Failed to connect to database: [Errno 49] Can't assign requested address
2026-01-28 16:33:49,000 - __main__ - ERROR - Database connection error: Failed to connect to database: [Errno 49] Can't assign requested address
2026-01-28 16:33:49,000 - __main__ - ERROR - Database connection error: Failed to connect to database: [Errno 49] Can't assign requested address
2026-01-28 16:33:49,001 - __main__ - ERROR - Database connection error: Failed to connect to database: [Errno 49] Can't assign requested address
2026-01-28 16:33:49,002 - __main__ - ERROR - Database connection error: Failed to connect to database: [Errno 49] Can't assign requested address
2026-01-28 16:33:49,003 - __main__ - ERROR - Database connection error: Failed to connect to database: [Errno 49] Can't assign requested address
2026-01-28 16:33:49,004 - __main__ - ERROR - Database connection error: Failed to connect to database: [Errno 49] Can't assign requested address
2026-01-28 16:33:49,005 - __main__ - ERROR - Database connection error: Failed to connect to database: [Errno 49] Can't assign requested address
2026-01-28 16:33:49,006 - __main__ - ERROR - Database connection error: Failed to connect to database: [Errno 49] Can't assign requested address
2026-01-28 16:33:49,006 - __main__ - ERROR - Database connection error: Failed to connect to database: [Errno 49] Can't assign requested address
2026-01-28 16:33:49,007 - __main__ - ERROR - Database connection error: Failed to connect to database: [Errno 49] Can't assign requested address
2026-01-28 16:33:49,008 - __main__ - ERROR - Database connection error: Failed to connect to database: [Errno 49] Can't assign requested address
2026-01-28 16:33:49,009 - __main__ - ERROR - Database connection error: Failed to connect to database: [Errno 49] Can't assign requested address
2026-01-28 16:33:49,009 - __main__ - ERROR - Database connection error: Failed to connect to database: [Errno 49] Can't assign requested address
2026-01-28 16:33:49,010 - __main__ - ERROR - Database connection error: Failed to connect to database: [Errno 49] Can't assign requested address
2026-01-28 16:33:49,011 - __main__ - ERROR - Database connection error: Failed to connect to database: [Errno 49] Can't assign requested address
2026-01-28 16:33:49,012 - __main__ - ERROR - Database connection error: Failed to connect to database: [Errno 49] Can't assign requested address
2026-01-28 16:33:49,012 - __main__ - ERROR - Database connection error: Failed to connect to database: [Errno 49] Can't assign requested address
2026-01-28 16:33:49,013 - __main__ - ERROR - Database connection error: Failed to connect to database: [Errno 49] Can't assign requested address
2026-01-28 16:33:49,014 - __main__ - ERROR - Database connection error: Failed to connect to database: [Errno 49] Can't assign requested address
2026-01-28 16:33:49,015 - __main__ - ERROR - Database connection error: Failed to connect to database: [Errno 49] Can't assign requested address
2026-01-28 16:33:49,015 - __main__ - ERROR - Database connection error: Failed to connect to database: [Errno 49] Can't assign requested address
2026-01-28 16:33:49,016 - __main__ - ERROR - Database connection error: Failed to connect to database: [Errno 49] Can't assign requested address
2026-01-28 16:33:49,017 - __main__ - ERROR - Database connection error: Failed to connect to database: [Errno 49] Can't assign requested address
2026-01-28 16:33:49,018 - __main__ - ERROR - Database connection error: Failed to connect to database: [Errno 49] Can't assign requested address
2026-01-28 16:33:49,018 - __main__ - ERROR - Database connection error: Failed to connect to database: [Errno 49] Can't assign requested address
2026-01-28 16:33:49,019 - __main__ - ERROR - Database connection error: Failed to connect to database: [Errno 49] Can't assign requested address
2026-01-28 16:33:49,020 - __main__ - ERROR - Database connection error: Failed to connect to database: [Errno 49] Can't assign requested address
2026-01-28 16:33:49,021 - __main__ - ERROR - Database connection error: Failed to connect to database: [Errno 49] Can't assign requested address
2026-01-28 16:33:49,021 - __main__ - ERROR - Database connection error: Failed to connect to database: [Errno 49] Can't assign requested address
2026-01-28 16:33:49,022 - __main__ - ERROR - Database connection error: Failed to connect to database: [Errno 49] Can't assign requested address
2026-01-28 16:33:49,023 - __main__ - ERROR - Database connection error: Failed to connect to database: [Errno 49] Can't assign requested address
2026-01-28 16:33:49,023 - __main__ - ERROR - Database connection error: Failed to connect to database: [Errno 49] Can't assign requested address
2026-01-28 16:33:49,024 - __main__ - ERROR - Database connection error: Failed to connect to database: [Errno 49] Can't assign requested address
2026-01-28 16:33:49,025 - __main__ - ERROR - Database connection error: Failed to connect to database: [Errno 49] Can't assign requested address
2026-01-28 16:33:49,026 - __main__ - ERROR - Database connection error: Failed to connect to database: [Errno 49] Can't assign requested address
2026-01-28 16:33:49,026 - __main__ - ERROR - Database connection error: Failed to connect to database: [Errno 49] Can't assign requested address
2026-01-28 16:33:49,027 - __main__ - ERROR - Database connection error: Failed to connect to database: [Errno 49] Can't assign requested address
2026-01-28 16:33:49,028 - __main__ - ERROR - Database connection error: Failed to connect to database: [Errno 49] Can't assign requested address
2026-01-28 16:33:49,029 - __main__ - ERROR - Database connection error: Failed to connect to database: [Errno 49] Can't assign requested address
2026-01-28 16:33:49,029 - __main__ - ERROR - Database connection error: Failed to connect to database: [Errno 49] Can't assign requested address
2026-01-28 16:33:49,030 - __main__ - ERROR - Database connection error: Failed to connect to database: [Errno 49] Can't assign requested address
2026-01-28 16:33:49,031 - __main__ - ERROR - Database connection error: Failed to connect to database: [Errno 49] Can't assign requested address
2026-01-28 16:33:49,031 - __main__ - ERROR - Database connection error: Failed to connect to database: [Errno 49] Can't assign requested address
2026-01-28 16:33:49,032 - __main__ - ERROR - Database connection error: Failed to connect to database: [Errno 49] Can't assign requested address
2026-01-28 16:33:49,033 - __main__ - ERROR - Database connection error: Failed to connect to database: [Errno 49] Can't assign requested address
2026-01-28 16:33:49,034 - __main__ - ERROR - Database connection error: Failed to connect to database: [Errno 49] Can't assign requested address
2026-01-28 16:33:49,034 - __main__ - ERROR - Database connection error: Failed to connect to database: [Errno 49] Can't assign requested address
2026-01-28 16:33:49,035 - __main__ - ERROR - Database connection error: Failed to connect to database: [Errno 49] Can't assign requested address
2026-01-28 16:33:49,036 - __main__ - ERROR - Database connection error: Failed to connect to database: [Errno 49] Can't assign requested address
2026-01-28 16:33:49,037 - __main__ - ERROR - Database connection error: Failed to connect to database: [Errno 49] Can't assign requested address
2026-01-28 16:33:49,037 - __main__ - ERROR - Database connection error: Failed to connect to database: [Errno 49] Can't assign requested address
2026-01-28 16:33:49,038 - __main__ - ERROR - Database connection error: Failed to connect to database: [Errno 49] Can't assign requested address
2026-01-28 16:33:49,039 - __main__ - ERROR - Database connection error: Failed to connect to database: [Errno 49] Can't assign requested address
2026-01-28 16:33:49,040 - __main__ - ERROR - Database connection error: Failed to connect to database: [Errno 49] Can't assign requested address
2026-01-28 16:33:49,040 - __main__ - INFO - Connection closed for ('127.0.0.1', 56004)
